 - ADDED U/P COLUMN ON QC  2018/02/08  IVAN
 - UPDATED FOR VALENTINE'S  2018/02/14  IVAN
 - ADDED MCIR SUMMARY  2018/02/24  IVAN
 - ADDED NON-INPUT LIST MCIR  2018/02/28  IVAN
 - ADDED MCIR TOTAL ON MCIR  2018/03/05  IVAN
 - ADDED P2 PLAN AND ACTUAL DATE 2018/03/10 IVAN
 - ADDED Z CUSTOMER 2018/03/16 IVAN
 - ADDED MOVE MCIR TO UPDATE PROGRESS 2018/03/23 IVAN
 - UPDATE FOR SUMMER SEASON 2018/04/17 IVAN
 - RE-ADDED MCIR ON ADD STD INFO/ADD MCIR DATE COMPARED ON UPDATE PROGRESS 2018/05/28 RYO
 - EDIT FUNCTION/nonMCirList.aspx change query. 2018/05/29 RYO
	before:  sql = sql + "AND a.P_SOK BETWEEN #" + date_start + "# AND #" + date_end + "# "
	current: sql = sql + "AND a.P_TENKAI BETWEEN #" + date_start + "# AND #" + date_end + "# "
 - UPDATE nonMCirList.aspx change query	2018/05/31 IVAN
	from: sql = sql + "AND a.P_TENKAI BETWEEN #" + date_start + "# AND #" + date_end + "# "
	to:
	LINE 70: sql = sql + "AND (a.P_GENKO BETWEEN #" + date_start + "# AND #" + date_end + "# "
	LINE 71: sql = sql + "OR a.P_TENKAI BETWEEN #" + date_start + "# AND #" + date_end + "#) "
 - REMOVE TEMPORARILY pattern date on [entry] field	2018/06/28	IVAN
 - ALL KANBAN # ON QC	2018/07/17	IVAN
 - ADDED NISSAN MAKER	2018/08/08 IVAN
 - REMOVE AUTO DATE (CREMARK) ON NKUPDATEINFO.ASPX	2018/09/06	IVAN
 - REMOVE SEMICOLON (CREMARK) ON NKUPDATEINFO.ASPX	2018/09/24	IVAN

